Using pre-set license
Built from '2021.1/staging' branch; Version is '2021.1.9f1 (7a790e367ab3) revision 8026382'; Using compiler version '192528614'; Build Type 'Release'
OS: 'Windows 10 Pro; OS build 19042.1052; Version 2009; 64bit' Language: 'en' Physical Memory: 8109 MB
BatchMode: 1, IsHumanControllingUs: 0, StartBugReporterOnCrash: 0, Is64bit: 1, IsPro: 0

 COMMAND LINE ARGUMENTS:
C:\Program Files\Unity\Hub\Editor\2021.1.9f1\Editor\Unity.exe
-adb2
-batchMode
-noUpm
-name
AssetImportWorker0
-projectPath
C:/Users/oetre/OneDrive/Documents/GameProjects/Unity Projects/GMTK 21 GameJam/Gumdrop-and-Pop/GumdropAndPop
-logFile
Logs/AssetImportWorker0.log
-srvPort
65460
Successfully changed project path to: C:/Users/oetre/OneDrive/Documents/GameProjects/Unity Projects/GMTK 21 GameJam/Gumdrop-and-Pop/GumdropAndPop
C:/Users/oetre/OneDrive/Documents/GameProjects/Unity Projects/GMTK 21 GameJam/Gumdrop-and-Pop/GumdropAndPop
Using Asset Import Pipeline V2.
Refreshing native plugins compatible for Editor in 83.67 ms, found 3 plugins.
Preloading 0 native plugins for Editor in 0.00 ms.
Initialize engine version: 2021.1.9f1 (7a790e367ab3)
[Subsystems] Discovering subsystems at path C:/Program Files/Unity/Hub/Editor/2021.1.9f1/Editor/Data/Resources/UnitySubsystems
[Subsystems] Discovering subsystems at path C:/Users/oetre/OneDrive/Documents/GameProjects/Unity Projects/GMTK 21 GameJam/Gumdrop-and-Pop/GumdropAndPop/Assets
GfxDevice: creating device client; threaded=0; jobified=0
Direct3D:
    Version:  Direct3D 11.0 [level 11.1]
    Renderer: Intel(R) HD Graphics 620 (ID=0x5916)
    Vendor:   Intel
    VRAM:     4054 MB
    Driver:   27.20.100.8682
Initialize mono
Mono path[0] = 'C:/Program Files/Unity/Hub/Editor/2021.1.9f1/Editor/Data/Managed'
Mono path[1] = 'C:/Program Files/Unity/Hub/Editor/2021.1.9f1/Editor/Data/MonoBleedingEdge/lib/mono/unityjit'
Mono config path = 'C:/Program Files/Unity/Hub/Editor/2021.1.9f1/Editor/Data/MonoBleedingEdge/etc'
Using monoOptions --debugger-agent=transport=dt_socket,embedding=1,server=y,suspend=n,address=127.0.0.1:56492
Begin MonoManager ReloadAssembly
Registering precompiled unity dll's ...
Register platform support module: C:/Program Files/Unity/Hub/Editor/2021.1.9f1/Editor/Data/PlaybackEngines/WebGLSupport/UnityEditor.WebGL.Extensions.dll
Register platform support module: C:/Program Files/Unity/Hub/Editor/2021.1.9f1/Editor/Data/PlaybackEngines/WindowsStandaloneSupport/UnityEditor.WindowsStandalone.Extensions.dll
Registered in 0.003261 seconds.
Native extension for WindowsStandalone target not found
Native extension for WebGL target not found
Refreshing native plugins compatible for Editor in 54.21 ms, found 3 plugins.
Preloading 0 native plugins for Editor in 0.00 ms.
Mono: successfully reloaded assembly
- Completed reload, in  1.748 seconds
Domain Reload Profiling:
	ReloadAssembly (1749ms)
		BeginReloadAssembly (72ms)
			ExecutionOrderSort (0ms)
			DisableScriptedObjects (0ms)
			BackupInstance (0ms)
			ReleaseScriptingObjects (0ms)
			CreateAndSetChildDomain (1ms)
		EndReloadAssembly (624ms)
			LoadAssemblies (71ms)
			RebuildTransferFunctionScriptingTraits (0ms)
			SetupTypeCache (240ms)
			ReleaseScriptCaches (0ms)
			RebuildScriptCaches (45ms)
			SetupLoadedEditorAssemblies (264ms)
				LogAssemblyErrors (0ms)
				InitializePlatformSupportModulesInManaged (10ms)
				SetLoadedEditorAssemblies (0ms)
				RefreshPlugins (54ms)
				BeforeProcessingInitializeOnLoad (2ms)
				ProcessInitializeOnLoadAttributes (121ms)
				ProcessInitializeOnLoadMethodAttributes (76ms)
				AfterProcessingInitializeOnLoad (0ms)
				EditorAssembliesLoaded (0ms)
			ExecutionOrderSort2 (0ms)
			AwakeInstancesAfterBackupRestoration (0ms)
Platform modules already initialized, skipping
Registering precompiled user dll's ...
Registered in 0.005200 seconds.
Begin MonoManager ReloadAssembly
Native extension for WindowsStandalone target not found
Native extension for WebGL target not found
Refreshing native plugins compatible for Editor in 71.60 ms, found 3 plugins.
Preloading 0 native plugins for Editor in 0.00 ms.
Mono: successfully reloaded assembly
- Completed reload, in  1.552 seconds
Domain Reload Profiling:
	ReloadAssembly (1552ms)
		BeginReloadAssembly (168ms)
			ExecutionOrderSort (0ms)
			DisableScriptedObjects (5ms)
			BackupInstance (0ms)
			ReleaseScriptingObjects (0ms)
			CreateAndSetChildDomain (24ms)
		EndReloadAssembly (1301ms)
			LoadAssemblies (124ms)
			RebuildTransferFunctionScriptingTraits (0ms)
			SetupTypeCache (408ms)
			ReleaseScriptCaches (0ms)
			RebuildScriptCaches (58ms)
			SetupLoadedEditorAssemblies (578ms)
				LogAssemblyErrors (0ms)
				InitializePlatformSupportModulesInManaged (6ms)
				SetLoadedEditorAssemblies (0ms)
				RefreshPlugins (72ms)
				BeforeProcessingInitializeOnLoad (117ms)
				ProcessInitializeOnLoadAttributes (353ms)
				ProcessInitializeOnLoadMethodAttributes (23ms)
				AfterProcessingInitializeOnLoad (7ms)
				EditorAssembliesLoaded (0ms)
			ExecutionOrderSort2 (0ms)
			AwakeInstancesAfterBackupRestoration (9ms)
Platform modules already initialized, skipping
========================================================================
Worker process is ready to serve import requests
Launched and connected shader compiler UnityShaderCompiler.exe after 0.07 seconds
Refreshing native plugins compatible for Editor in 0.51 ms, found 3 plugins.
Preloading 0 native plugins for Editor in 0.00 ms.
Unloading 2111 Unused Serialized files (Serialized files now loaded: 0)
System memory in use before: 96.1 MB.
System memory in use after: 96.1 MB.

Unloading 28 unused Assets to reduce memory usage. Loaded Objects now: 2565.
Total: 2.928200 ms (FindLiveObjects: 0.216000 ms CreateObjectMapping: 0.099800 ms MarkObjects: 2.510200 ms  DeleteObjects: 0.100700 ms)

AssetImportParameters requested are different than current active one (requested -> active):
  custom:framework-win-MediaFoundation: 216162199b28c13a410421893ffa2e32 -> 
  custom:video-decoder-ogg-theora: a1e56fd34408186e4bbccfd4996cb3dc -> 
  custom:container-muxer-webm: aa71ff27fc2769a1b78a27578f13a17b -> 
  custom:container-demuxer-webm: 4f35f7cbe854078d1ac9338744f61a02 -> 
  custom:container-demuxer-ogg: 62fdf1f143b41e24485cea50d1cbac27 -> 
  custom:video-encoder-webm-vp8: eb34c28f22e8b96e1ab97ce403110664 -> 
  custom:video-codec-MediaFoundation-h265: 746d11721c4dcdbdad8f713fa42b33f4 -> 
  custom:video-decoder-webm-vp8: 9c59270c3fd7afecdb556c50c9e8de78 -> 
  custom:audio-decoder-ogg-vorbis: bf7c407c2cedff20999df2af8eb42d56 -> 
  custom:audio-encoder-webm-vorbis: bf7c407c2cedff20999df2af8eb42d56 -> 
========================================================================
Received Import Request.
  path: Assets/Art/Sprites/Black_Foreground_.png
  artifactKey: Guid(ad2f5efd5a2c278459d44354a89fe2aa) Importer(815301076,1909f56bfc062723c751e8b465ee728b)
Start importing Assets/Art/Sprites/Black_Foreground_.png using Guid(ad2f5efd5a2c278459d44354a89fe2aa) Importer(815301076,1909f56bfc062723c751e8b465ee728b)  -> (artifact id: 'ffaaf01fd32c4d1b1c2680e09a37e351') in 0.228190 seconds 
========================================================================
Received Import Request.
  Time since last request: 0.000273 seconds.
  path: Assets/Art/Sprites/PopSprites/Pop_Face_Animation-3.tiff
  artifactKey: Guid(f89aa7b745c55ac4dbc66796ace16d1f) Importer(815301076,1909f56bfc062723c751e8b465ee728b)
Start importing Assets/Art/Sprites/PopSprites/Pop_Face_Animation-3.tiff using Guid(f89aa7b745c55ac4dbc66796ace16d1f) Importer(815301076,1909f56bfc062723c751e8b465ee728b)  -> (artifact id: 'c1af496a48fb266d1346b61fcd42ccc1') in 0.037092 seconds 
========================================================================
Received Import Request.
  Time since last request: 0.000284 seconds.
  path: Assets/Art/Sprites/DropSprites/Gumdrop_Face_Animations-2.tiff
  artifactKey: Guid(114cfd72daa8421449a2861f0ad44431) Importer(815301076,1909f56bfc062723c751e8b465ee728b)
Start importing Assets/Art/Sprites/DropSprites/Gumdrop_Face_Animations-2.tiff using Guid(114cfd72daa8421449a2861f0ad44431) Importer(815301076,1909f56bfc062723c751e8b465ee728b)  -> (artifact id: '29190559c84ddcb49cba303421056391') in 0.029574 seconds 
========================================================================
Received Import Request.
  Time since last request: 0.000266 seconds.
  path: Assets/Art/Sprites/SampleTiles/RedTile.png
  artifactKey: Guid(ec73c024244ac8e42aac22e9afb110f9) Importer(815301076,1909f56bfc062723c751e8b465ee728b)
Start importing Assets/Art/Sprites/SampleTiles/RedTile.png using Guid(ec73c024244ac8e42aac22e9afb110f9) Importer(815301076,1909f56bfc062723c751e8b465ee728b)  -> (artifact id: '9fcbd68caab3d2013663cef336ae8a31') in 0.034813 seconds 
========================================================================
Received Import Request.
  Time since last request: 0.000230 seconds.
  path: Assets/Art/Sprites/Menus/Main_Menu.png
  artifactKey: Guid(4457632df1f1a4844955088a622fa59f) Importer(815301076,1909f56bfc062723c751e8b465ee728b)
Start importing Assets/Art/Sprites/Menus/Main_Menu.png using Guid(4457632df1f1a4844955088a622fa59f) Importer(815301076,1909f56bfc062723c751e8b465ee728b)  -> (artifact id: '60515297407df86c96d1489964774930') in 0.027557 seconds 
========================================================================
Received Import Request.
  Time since last request: 0.000230 seconds.
  path: Assets/Art/Sprites/Menus/Pause_screen 2-3 (dragged).tiff
  artifactKey: Guid(15cc3acd745344d4fa9f7e6f2a5c76d9) Importer(815301076,1909f56bfc062723c751e8b465ee728b)
Start importing Assets/Art/Sprites/Menus/Pause_screen 2-3 (dragged).tiff using Guid(15cc3acd745344d4fa9f7e6f2a5c76d9) Importer(815301076,1909f56bfc062723c751e8b465ee728b)  -> (artifact id: '14737f93934f711b91e070705aec5baf') in 0.033391 seconds 
========================================================================
Received Import Request.
  Time since last request: 0.000282 seconds.
  path: Assets/Art/Sprites/Menus/Resume.png
  artifactKey: Guid(bb9c8ff4a73ac9245b6da2ac61b56108) Importer(815301076,1909f56bfc062723c751e8b465ee728b)
Start importing Assets/Art/Sprites/Menus/Resume.png using Guid(bb9c8ff4a73ac9245b6da2ac61b56108) Importer(815301076,1909f56bfc062723c751e8b465ee728b)  -> (artifact id: 'af4cd094a749701c4014a9bf3cbf50c5') in 0.038405 seconds 
========================================================================
Received Import Request.
  Time since last request: 0.000258 seconds.
  path: Assets/Art/Sprites/SampleTiles/GreenTile.png
  artifactKey: Guid(c77943f5850f39a44b2d52e663a159e4) Importer(815301076,1909f56bfc062723c751e8b465ee728b)
Start importing Assets/Art/Sprites/SampleTiles/GreenTile.png using Guid(c77943f5850f39a44b2d52e663a159e4) Importer(815301076,1909f56bfc062723c751e8b465ee728b)  -> (artifact id: '162394719fee4c02d890598f5f914335') in 0.032637 seconds 
========================================================================
Received Import Request.
  Time since last request: 0.000380 seconds.
  path: Assets/Art/Sprites/DropSprites/Gumdrop_Face_Animations-3.tiff
  artifactKey: Guid(e3ca8376474f2c1489457214f433802a) Importer(815301076,1909f56bfc062723c751e8b465ee728b)
Start importing Assets/Art/Sprites/DropSprites/Gumdrop_Face_Animations-3.tiff using Guid(e3ca8376474f2c1489457214f433802a) Importer(815301076,1909f56bfc062723c751e8b465ee728b)  -> (artifact id: '0ee0a242795ec57774aa5ab32e9392f0') in 0.050883 seconds 
========================================================================
Received Import Request.
  Time since last request: 0.000833 seconds.
  path: Assets/Art/Sprites/DropSprites/Gumdrop_Face_Animations-4.tiff
  artifactKey: Guid(53d7996321d67df49b924ef9cfa08b46) Importer(815301076,1909f56bfc062723c751e8b465ee728b)
Start importing Assets/Art/Sprites/DropSprites/Gumdrop_Face_Animations-4.tiff using Guid(53d7996321d67df49b924ef9cfa08b46) Importer(815301076,1909f56bfc062723c751e8b465ee728b)  -> (artifact id: '77dbe8b88826c4783357ec1bbf73253d') in 0.054760 seconds 
========================================================================
Received Import Request.
  Time since last request: 0.000317 seconds.
  path: Assets/Art/Sprites/Menus/Press_enter_to_start.jpg
  artifactKey: Guid(a6f8a4414d13ba547bb22837297aedff) Importer(815301076,1909f56bfc062723c751e8b465ee728b)
Start importing Assets/Art/Sprites/Menus/Press_enter_to_start.jpg using Guid(a6f8a4414d13ba547bb22837297aedff) Importer(815301076,1909f56bfc062723c751e8b465ee728b)  -> (artifact id: '9d6c89593424d8a26d416dc2a6de1612') in 0.056495 seconds 
========================================================================
Received Import Request.
  Time since last request: 0.000410 seconds.
  path: Assets/Art/Sprites/PopSprites/Pop_Face_Animation-1.tiff
  artifactKey: Guid(bbf15815163fd9f42b0a0d9899b43d51) Importer(815301076,1909f56bfc062723c751e8b465ee728b)
Start importing Assets/Art/Sprites/PopSprites/Pop_Face_Animation-1.tiff using Guid(bbf15815163fd9f42b0a0d9899b43d51) Importer(815301076,1909f56bfc062723c751e8b465ee728b)  -> (artifact id: 'f34bb6f01e1b4d4d44af9d4c47ed2f0f') in 0.044004 seconds 
========================================================================
Received Import Request.
  Time since last request: 0.000600 seconds.
  path: Assets/Art/Sprites/Menus/Restart.png
  artifactKey: Guid(8b1162c7225ea944297fe44975c9e516) Importer(815301076,1909f56bfc062723c751e8b465ee728b)
Start importing Assets/Art/Sprites/Menus/Restart.png using Guid(8b1162c7225ea944297fe44975c9e516) Importer(815301076,1909f56bfc062723c751e8b465ee728b)  -> (artifact id: '7871091d251f6de7ce97f176154bbf28') in 0.064803 seconds 
========================================================================
Received Import Request.
  Time since last request: 0.000817 seconds.
  path: Assets/Art/Font/Chalkduster.ttf
  artifactKey: Guid(1f1e8192bcd061949ad126df75acd893) Importer(815301076,1909f56bfc062723c751e8b465ee728b)
Start importing Assets/Art/Font/Chalkduster.ttf using Guid(1f1e8192bcd061949ad126df75acd893) Importer(815301076,1909f56bfc062723c751e8b465ee728b)  -> (artifact id: '02fa622873262472761595de05e104fa') in 0.121319 seconds 
========================================================================
Received Import Request.
  Time since last request: 0.000264 seconds.
  path: Assets/Art/Sprites/CollectSprites/Flower-1 (dragged).tiff
  artifactKey: Guid(2c8f9a3baef9ee84285aa6c84434f67a) Importer(815301076,1909f56bfc062723c751e8b465ee728b)
Start importing Assets/Art/Sprites/CollectSprites/Flower-1 (dragged).tiff using Guid(2c8f9a3baef9ee84285aa6c84434f67a) Importer(815301076,1909f56bfc062723c751e8b465ee728b)  -> (artifact id: '9700ea775ceb16b42be3b08fd0126e93') in 0.031741 seconds 
========================================================================
Received Import Request.
  Time since last request: 0.000268 seconds.
  path: Assets/Art/Sprites/CollectSprites/Flower-2 (dragged).tiff
  artifactKey: Guid(d14cbcfea2bbc0447b624225e703f3f6) Importer(815301076,1909f56bfc062723c751e8b465ee728b)
Start importing Assets/Art/Sprites/CollectSprites/Flower-2 (dragged).tiff using Guid(d14cbcfea2bbc0447b624225e703f3f6) Importer(815301076,1909f56bfc062723c751e8b465ee728b)  -> (artifact id: '7955b09c3c7fc1d1028f9a9b418772a1') in 0.041024 seconds 
========================================================================
Received Import Request.
  Time since last request: 0.000335 seconds.
  path: Assets/Art/Sprites/Menus/Pause_screen 2-1 (dragged).tiff
  artifactKey: Guid(3759b244266553743ad515e897b2ddcf) Importer(815301076,1909f56bfc062723c751e8b465ee728b)
Start importing Assets/Art/Sprites/Menus/Pause_screen 2-1 (dragged).tiff using Guid(3759b244266553743ad515e897b2ddcf) Importer(815301076,1909f56bfc062723c751e8b465ee728b)  -> (artifact id: '0ba084c5a7477c9c0b2267d5aa4c408c') in 0.061409 seconds 
========================================================================
Received Import Request.
  Time since last request: 0.000486 seconds.
  path: Assets/Art/Sprites/Menus/Death_screen-2 (dragged).tiff
  artifactKey: Guid(6170711ec6ecd744ca3c580419fd8cc6) Importer(815301076,1909f56bfc062723c751e8b465ee728b)
Start importing Assets/Art/Sprites/Menus/Death_screen-2 (dragged).tiff using Guid(6170711ec6ecd744ca3c580419fd8cc6) Importer(815301076,1909f56bfc062723c751e8b465ee728b)  -> (artifact id: '9be67f1da29e0b723ddaadba5b35e632') in 0.050256 seconds 
========================================================================
Received Import Request.
  Time since last request: 0.000552 seconds.
  path: Assets/Art/Sprites/PopSprites/Pop_Face_Animation-4.tiff
  artifactKey: Guid(5780d585f33c3a342b64347dbb4ffeab) Importer(815301076,1909f56bfc062723c751e8b465ee728b)
Start importing Assets/Art/Sprites/PopSprites/Pop_Face_Animation-4.tiff using Guid(5780d585f33c3a342b64347dbb4ffeab) Importer(815301076,1909f56bfc062723c751e8b465ee728b)  -> (artifact id: 'a4cf84a9927f5269199e0e846b3ffc27') in 0.077033 seconds 
========================================================================
Received Import Request.
  Time since last request: 0.001618 seconds.
  path: Assets/Art/Sprites/SampleTiles/PinkTile.png
  artifactKey: Guid(042bb55a603ff5a4db07d598a01552be) Importer(815301076,1909f56bfc062723c751e8b465ee728b)
Start importing Assets/Art/Sprites/SampleTiles/PinkTile.png using Guid(042bb55a603ff5a4db07d598a01552be) Importer(815301076,1909f56bfc062723c751e8b465ee728b)  -> (artifact id: '99783fca4a613f1baac8989bf5e0de82') in 0.036305 seconds 
========================================================================
Received Import Request.
  Time since last request: 0.000375 seconds.
  path: Assets/Art/Sprites/SampleTiles/BlueTile.png
  artifactKey: Guid(d930294b72830804eb5ea22352a21056) Importer(815301076,1909f56bfc062723c751e8b465ee728b)
Start importing Assets/Art/Sprites/SampleTiles/BlueTile.png using Guid(d930294b72830804eb5ea22352a21056) Importer(815301076,1909f56bfc062723c751e8b465ee728b)  -> (artifact id: 'fd1fde994322c60a1cec48f4a60c48ac') in 0.048890 seconds 
========================================================================
Received Import Request.
  Time since last request: 0.000659 seconds.
  path: Assets/Art/Sprites/Menus/Restart_fixed.png
  artifactKey: Guid(2110505e5bcde4148861b5d6f4ec2c5a) Importer(815301076,1909f56bfc062723c751e8b465ee728b)
Start importing Assets/Art/Sprites/Menus/Restart_fixed.png using Guid(2110505e5bcde4148861b5d6f4ec2c5a) Importer(815301076,1909f56bfc062723c751e8b465ee728b)  -> (artifact id: '6e06a10c56c889f6e4c91e0b8f48a4af') in 0.058669 seconds 
========================================================================
Received Import Request.
  Time since last request: 0.000336 seconds.
  path: Assets/Art/Sprites/Menus/Death_screen-3 (dragged).tiff
  artifactKey: Guid(c144be7d4f4b1644fa564f8eb72e8534) Importer(815301076,1909f56bfc062723c751e8b465ee728b)
Start importing Assets/Art/Sprites/Menus/Death_screen-3 (dragged).tiff using Guid(c144be7d4f4b1644fa564f8eb72e8534) Importer(815301076,1909f56bfc062723c751e8b465ee728b)  -> (artifact id: '5c0d9e150907ee6ed1227921df3ab312') in 0.056176 seconds 
========================================================================
Received Import Request.
  Time since last request: 0.000671 seconds.
  path: Assets/Art/Sprites/PopSprites/Pop_Face_Animation-2.tiff
  artifactKey: Guid(5f7949973c152d5459e74a2c5fd550ea) Importer(815301076,1909f56bfc062723c751e8b465ee728b)
Start importing Assets/Art/Sprites/PopSprites/Pop_Face_Animation-2.tiff using Guid(5f7949973c152d5459e74a2c5fd550ea) Importer(815301076,1909f56bfc062723c751e8b465ee728b)  -> (artifact id: 'fc06cd0306daba635869a5e10e3bfac1') in 0.061698 seconds 
========================================================================
Received Import Request.
  Time since last request: 0.000567 seconds.
  path: Assets/Art/Sprites/bgSprites/Background_Purple-3 (dragged).tiff
  artifactKey: Guid(08bb71ceb2a646a46959c37425fe4b4e) Importer(815301076,1909f56bfc062723c751e8b465ee728b)
Start importing Assets/Art/Sprites/bgSprites/Background_Purple-3 (dragged).tiff using Guid(08bb71ceb2a646a46959c37425fe4b4e) Importer(815301076,1909f56bfc062723c751e8b465ee728b)  -> (artifact id: '59502895d8be3509fb90f619b8247bcf') in 0.047667 seconds 
========================================================================
Received Import Request.
  Time since last request: 0.000381 seconds.
  path: Assets/Art/Sprites/SampleTiles/DarkGreenTile.png
  artifactKey: Guid(cb0aa01404674e94db89262ad7d65023) Importer(815301076,1909f56bfc062723c751e8b465ee728b)
Start importing Assets/Art/Sprites/SampleTiles/DarkGreenTile.png using Guid(cb0aa01404674e94db89262ad7d65023) Importer(815301076,1909f56bfc062723c751e8b465ee728b)  -> (artifact id: '353e452798dd772744601960df057426') in 0.106791 seconds 
========================================================================
Received Import Request.
  Time since last request: 0.000494 seconds.
  path: Assets/Art/Sprites/bgSprites/Background_Purple-1 (dragged).tiff
  artifactKey: Guid(f44209928445a724f9d621ce3daee193) Importer(815301076,1909f56bfc062723c751e8b465ee728b)
Start importing Assets/Art/Sprites/bgSprites/Background_Purple-1 (dragged).tiff using Guid(f44209928445a724f9d621ce3daee193) Importer(815301076,1909f56bfc062723c751e8b465ee728b)  -> (artifact id: 'a4ec21325040bb9c9c5651cf6221feb6') in 0.096955 seconds 
========================================================================
Received Import Request.
  Time since last request: 0.000325 seconds.
  path: Assets/Art/Sprites/CollectSprites/Flower-3 (dragged).tiff
  artifactKey: Guid(55e725817cf5e2e4e9076a5df3c0ac6c) Importer(815301076,1909f56bfc062723c751e8b465ee728b)
Start importing Assets/Art/Sprites/CollectSprites/Flower-3 (dragged).tiff using Guid(55e725817cf5e2e4e9076a5df3c0ac6c) Importer(815301076,1909f56bfc062723c751e8b465ee728b)  -> (artifact id: '7547085322fff5e4023b9162722c08a8') in 0.045722 seconds 
========================================================================
Received Import Request.
  Time since last request: 0.000600 seconds.
  path: Assets/Art/Sprites/Background.jpg
  artifactKey: Guid(b834af1f383e22d47a3e95c1105ae61b) Importer(815301076,1909f56bfc062723c751e8b465ee728b)
Start importing Assets/Art/Sprites/Background.jpg using Guid(b834af1f383e22d47a3e95c1105ae61b) Importer(815301076,1909f56bfc062723c751e8b465ee728b)  -> (artifact id: '3a363cd183641b489d57709b9c1d78df') in 0.045942 seconds 
========================================================================
Received Import Request.
  Time since last request: 0.000465 seconds.
  path: Assets/Art/Sprites/DropSprites/Gumdrop_Face_Animations-1.tiff
  artifactKey: Guid(5866f9b69d9b6bd4ab015fc186461455) Importer(815301076,1909f56bfc062723c751e8b465ee728b)
Start importing Assets/Art/Sprites/DropSprites/Gumdrop_Face_Animations-1.tiff using Guid(5866f9b69d9b6bd4ab015fc186461455) Importer(815301076,1909f56bfc062723c751e8b465ee728b)  -> (artifact id: 'ea784528cdd91f728acbdbbb5b408f0c') in 0.046659 seconds 
========================================================================
Received Import Request.
  Time since last request: 0.000300 seconds.
  path: Assets/Art/Sprites/bgSprites/Background_Purple-2 (dragged).tiff
  artifactKey: Guid(4ce91ace34c913a4ebac368fc1720c5e) Importer(815301076,1909f56bfc062723c751e8b465ee728b)
Start importing Assets/Art/Sprites/bgSprites/Background_Purple-2 (dragged).tiff using Guid(4ce91ace34c913a4ebac368fc1720c5e) Importer(815301076,1909f56bfc062723c751e8b465ee728b)  -> (artifact id: '77274c2f79fad9816903854244bf64e6') in 0.033302 seconds 
========================================================================
Received Import Request.
  Time since last request: 0.000260 seconds.
  path: Assets/Art/Sprites/Menus/Pause_screen 2-2 (dragged).tiff
  artifactKey: Guid(1586645ed586f814f81a27c47ee59a56) Importer(815301076,1909f56bfc062723c751e8b465ee728b)
Start importing Assets/Art/Sprites/Menus/Pause_screen 2-2 (dragged).tiff using Guid(1586645ed586f814f81a27c47ee59a56) Importer(815301076,1909f56bfc062723c751e8b465ee728b)  -> (artifact id: '24124912642548dbcdffb57c91cf25d0') in 0.046070 seconds 
========================================================================
Received Import Request.
  Time since last request: 0.000255 seconds.
  path: Assets/Art/Sprites/Menus/Death_screen-1 (dragged).tiff
  artifactKey: Guid(c2f6841556b48d940a73f0ef59241d1d) Importer(815301076,1909f56bfc062723c751e8b465ee728b)
Start importing Assets/Art/Sprites/Menus/Death_screen-1 (dragged).tiff using Guid(c2f6841556b48d940a73f0ef59241d1d) Importer(815301076,1909f56bfc062723c751e8b465ee728b)  -> (artifact id: '0460e56a720687bef63a8f48c698fbf7') in 0.049640 seconds 
========================================================================
Received Prepare
Refreshing native plugins compatible for Editor in 4.11 ms, found 3 plugins.
Preloading 0 native plugins for Editor in 0.00 ms.
Unloading 15 Unused Serialized files (Serialized files now loaded: 0)
System memory in use before: 57.8 MB.
System memory in use after: 57.9 MB.

Unloading 14 unused Assets to reduce memory usage. Loaded Objects now: 2660.
Total: 3.400600 ms (FindLiveObjects: 0.312800 ms CreateObjectMapping: 0.123900 ms MarkObjects: 2.935100 ms  DeleteObjects: 0.027400 ms)

AssetImportParameters requested are different than current active one (requested -> active):
  custom:framework-win-MediaFoundation: 216162199b28c13a410421893ffa2e32 -> 
  custom:video-decoder-ogg-theora: a1e56fd34408186e4bbccfd4996cb3dc -> 
  custom:container-muxer-webm: aa71ff27fc2769a1b78a27578f13a17b -> 
  custom:container-demuxer-webm: 4f35f7cbe854078d1ac9338744f61a02 -> 
  custom:container-demuxer-ogg: 62fdf1f143b41e24485cea50d1cbac27 -> 
  custom:video-encoder-webm-vp8: eb34c28f22e8b96e1ab97ce403110664 -> 
  custom:video-codec-MediaFoundation-h265: 746d11721c4dcdbdad8f713fa42b33f4 -> 
  custom:video-decoder-webm-vp8: 9c59270c3fd7afecdb556c50c9e8de78 -> 
  custom:audio-decoder-ogg-vorbis: bf7c407c2cedff20999df2af8eb42d56 -> 
  custom:audio-encoder-webm-vorbis: bf7c407c2cedff20999df2af8eb42d56 -> 
AssetImportWorkerClient::OnTransportError - code=2 error=End of file
