Using pre-set license
Built from '2021.1/staging' branch; Version is '2021.1.9f1 (7a790e367ab3) revision 8026382'; Using compiler version '192528614'; Build Type 'Release'
OS: 'Windows 10 Pro; OS build 19042.1052; Version 2009; 64bit' Language: 'en' Physical Memory: 8109 MB
BatchMode: 1, IsHumanControllingUs: 0, StartBugReporterOnCrash: 0, Is64bit: 1, IsPro: 0

 COMMAND LINE ARGUMENTS:
C:\Program Files\Unity\Hub\Editor\2021.1.9f1\Editor\Unity.exe
-adb2
-batchMode
-noUpm
-name
AssetImportWorker0
-projectPath
C:/Users/oetre/OneDrive/Documents/GameProjects/Unity Projects/GMTK 21 GameJam/Gumdrop-and-Pop/GumdropAndPop
-logFile
Logs/AssetImportWorker0.log
-srvPort
52985
Successfully changed project path to: C:/Users/oetre/OneDrive/Documents/GameProjects/Unity Projects/GMTK 21 GameJam/Gumdrop-and-Pop/GumdropAndPop
C:/Users/oetre/OneDrive/Documents/GameProjects/Unity Projects/GMTK 21 GameJam/Gumdrop-and-Pop/GumdropAndPop
Using Asset Import Pipeline V2.
